<?xml version="1.0" encoding="UTF-8"?>
<testsuite xmlns:xsi="http://www.w3.org/2001/XMLSchema-instance" xsi:noNamespaceSchemaLocation="https://maven.apache.org/surefire/maven-surefire-plugin/xsd/surefire-test-report-3.0.xsd" version="3.0" name="UserServiceTest" time="1.179" tests="6" errors="0" skipped="0" failures="0">
  <properties>
[...]
</properties>
  <testcase name="saveUser" classname="UserServiceTest" time="0.698">
    <system-out><![CDATA[Соединение с базой установлено
Таблица users удалена или не существовала!
Соединение с базой установлено
Таблица users создана или уже существует!
Соединение с базой установлено
User с именем — Ivan добавлен в базу данных
Соединение с базой установлено
]]></system-out>
  </testcase>
  <testcase name="removeUserById" classname="UserServiceTest" time="0.108">
    <system-out><![CDATA[Соединение с базой установлено
Таблица users удалена или не существовала!
Соединение с базой установлено
Таблица users создана или уже существует!
Соединение с базой установлено
User с именем — Ivan добавлен в базу данных
Соединение с базой установлено
Пользователь с 1 не найден
]]></system-out>
  </testcase>
  <testcase name="getAllUsers" classname="UserServiceTest" time="0.089">
    <system-out><![CDATA[Соединение с базой установлено
Таблица users удалена или не существовала!
Соединение с базой установлено
Таблица users создана или уже существует!
Соединение с базой установлено
User с именем — Ivan добавлен в базу данных
Соединение с базой установлено
]]></system-out>
  </testcase>
  <testcase name="dropUsersTable" classname="UserServiceTest" time="0.039">
    <system-out><![CDATA[Соединение с базой установлено
Таблица users удалена или не существовала!
Соединение с базой установлено
Таблица users удалена или не существовала!
]]></system-out>
  </testcase>
  <testcase name="createUsersTable" classname="UserServiceTest" time="0.05">
    <system-out><![CDATA[Соединение с базой установлено
Таблица users удалена или не существовала!
Соединение с базой установлено
Таблица users создана или уже существует!
]]></system-out>
  </testcase>
  <testcase name="cleanUsersTable" classname="UserServiceTest" time="0.129">
    <system-out><![CDATA[Соединение с базой установлено
Таблица users удалена или не существовала!
Соединение с базой установлено
Таблица users создана или уже существует!
Соединение с базой установлено
User с именем — Ivan добавлен в базу данных
Соединение с базой установлено
Таблица users очищена!
Соединение с базой установлено
]]></system-out>
  </testcase>
</testsuite>